<?xml version="1.0" encoding="UTF-8"?>
<!-- Generated by org.testng.reporters.JUnitReportReporter -->
<testsuite skipped="0" hostname="SH303456T1D.local" name="actoapp.acto.browserstack.SingleTest" tests="1" failures="0" timestamp="04 Jan 2019 09:34:28 GMT" time="57.428" errors="0">
  <testcase name="test" time="57.428" classname="actoapp.acto.browserstack.SingleTest"/>
</testsuite> <!-- actoapp.acto.browserstack.SingleTest -->
