<?xml version="1.0" encoding="UTF-8"?>
<!-- Generated by org.testng.reporters.JUnitReportReporter -->
<testsuite skipped="0" hostname="SH303456T1D.local" name="acto.testRunners.TestRunner" tests="1" failures="0" timestamp="07 Jan 2019 10:44:45 GMT" time="55.500" errors="0">
  <testcase name="feature" time="55.500" classname="acto.testRunners.TestRunner"/>
</testsuite> <!-- acto.testRunners.TestRunner -->
